0 info it worked if it ends with ok
1 verbose cli [
1 verbose cli   'C:\\Users\\Windows 8.1\\Documents\\pimmium\\node.exe',
1 verbose cli   'C:\\Users\\Windows 8.1\\Documents\\pimmium\\node_modules\\npm\\bin\\npm-cli.js',
1 verbose cli   'run',
1 verbose cli   'start'
1 verbose cli ]
2 info using npm@6.14.4
3 info using node@v12.16.3
4 verbose stack Error: missing script: start
4 verbose stack     at run (C:\Users\Windows 8.1\Documents\pimmium\node_modules\npm\lib\run-script.js:155:19)
4 verbose stack     at C:\Users\Windows 8.1\Documents\pimmium\node_modules\npm\lib\run-script.js:63:5
4 verbose stack     at C:\Users\Windows 8.1\Documents\pimmium\node_modules\npm\node_modules\read-package-json\read-json.js:116:5
4 verbose stack     at C:\Users\Windows 8.1\Documents\pimmium\node_modules\npm\node_modules\read-package-json\read-json.js:436:5
4 verbose stack     at checkBinReferences_ (C:\Users\Windows 8.1\Documents\pimmium\node_modules\npm\node_modules\read-package-json\read-json.js:391:45)
4 verbose stack     at final (C:\Users\Windows 8.1\Documents\pimmium\node_modules\npm\node_modules\read-package-json\read-json.js:434:3)
4 verbose stack     at then (C:\Users\Windows 8.1\Documents\pimmium\node_modules\npm\node_modules\read-package-json\read-json.js:161:5)
4 verbose stack     at C:\Users\Windows 8.1\Documents\pimmium\node_modules\npm\node_modules\read-package-json\read-json.js:382:12
4 verbose stack     at C:\Users\Windows 8.1\Documents\pimmium\node_modules\npm\node_modules\graceful-fs\graceful-fs.js:115:16
4 verbose stack     at FSReqCallback.readFileAfterClose [as oncomplete] (internal/fs/read_file_context.js:63:3)
5 verbose cwd C:\Users\Windows 8.1\Documents\pimmium
6 verbose Windows_NT 6.3.9600
7 verbose argv "C:\\Users\\Windows 8.1\\Documents\\pimmium\\node.exe" "C:\\Users\\Windows 8.1\\Documents\\pimmium\\node_modules\\npm\\bin\\npm-cli.js" "run" "start"
8 verbose node v12.16.3
9 verbose npm  v6.14.4
10 error missing script: start
11 verbose exit [ 1, true ]
