0 info it worked if it ends with ok
1 verbose cli [
1 verbose cli   'C:\\Program Files\\nodejs\\node.exe',
1 verbose cli   'C:\\Program Files\\nodejs\\node_modules\\npm\\bin\\npm-cli.js',
1 verbose cli   'run',
1 verbose cli   'dev'
1 verbose cli ]
2 info using npm@6.14.4
3 info using node@v12.16.3
4 verbose run-script [ 'predev', 'dev', 'postdev' ]
5 info lifecycle web-starter-jc@4.0.1~predev: web-starter-jc@4.0.1
6 info lifecycle web-starter-jc@4.0.1~dev: web-starter-jc@4.0.1
7 verbose lifecycle web-starter-jc@4.0.1~dev: unsafe-perm in lifecycle true
8 verbose lifecycle web-starter-jc@4.0.1~dev: PATH: C:\Program Files\nodejs\node_modules\npm\node_modules\npm-lifecycle\node-gyp-bin;C:\Users\Windows 8.1\Documents\pimmium\node_modules\.bin;C:\ProgramData\Oracle\Java\javapath;C:\Windows\system32;C:\Windows;C:\Windows\System32\Wbem;C:\Windows\System32\WindowsPowerShell\v1.0\;C:\Program Files (x86)\NVIDIA Corporation\PhysX\Common;C:\Program Files\Microsoft SQL Server\120\Tools\Binn\;C:\Program Files (x86)\QuickTime\QTSystem\;C:\Program Files (x86)\GtkSharp\2.12\bin;C:\Program Files (x86)\Brackets\command;C:\Program Files (x86)\IVI Foundation\VISA\WinNT\Bin;C:\Program Files\nodejs\;C:\AppServ\Apache24\bin;C:\AppServ\php5;C:\AppServ\MySQL\bin;C:\Program Files\JetBrains\PyCharm Community Edition 2019.2.3\bin;;C:\Users\Windows 8.1\AppData\Roaming\npm
9 verbose lifecycle web-starter-jc@4.0.1~dev: CWD: C:\Users\Windows 8.1\Documents\pimmium
10 silly lifecycle web-starter-jc@4.0.1~dev: Args: [ '/d /s /c', 'gulp' ]
11 silly lifecycle web-starter-jc@4.0.1~dev: Returned: code: 1  signal: null
12 info lifecycle web-starter-jc@4.0.1~dev: Failed to exec dev script
13 verbose stack Error: web-starter-jc@4.0.1 dev: `gulp`
13 verbose stack Exit status 1
13 verbose stack     at EventEmitter.<anonymous> (C:\Program Files\nodejs\node_modules\npm\node_modules\npm-lifecycle\index.js:332:16)
13 verbose stack     at EventEmitter.emit (events.js:310:20)
13 verbose stack     at ChildProcess.<anonymous> (C:\Program Files\nodejs\node_modules\npm\node_modules\npm-lifecycle\lib\spawn.js:55:14)
13 verbose stack     at ChildProcess.emit (events.js:310:20)
13 verbose stack     at maybeClose (internal/child_process.js:1021:16)
13 verbose stack     at Process.ChildProcess._handle.onexit (internal/child_process.js:286:5)
14 verbose pkgid web-starter-jc@4.0.1
15 verbose cwd C:\Users\Windows 8.1\Documents\pimmium
16 verbose Windows_NT 6.3.9600
17 verbose argv "C:\\Program Files\\nodejs\\node.exe" "C:\\Program Files\\nodejs\\node_modules\\npm\\bin\\npm-cli.js" "run" "dev"
18 verbose node v12.16.3
19 verbose npm  v6.14.4
20 error code ELIFECYCLE
21 error errno 1
22 error web-starter-jc@4.0.1 dev: `gulp`
22 error Exit status 1
23 error Failed at the web-starter-jc@4.0.1 dev script.
23 error This is probably not a problem with npm. There is likely additional logging output above.
24 verbose exit [ 1, true ]
